#
# There is insufficient memory for the Java Runtime Environment to continue.
# Native memory allocation (malloc) failed to allocate 1049376 bytes for Chunk::new
# Possible reasons:
#   The system is out of physical RAM or swap space
#   The process is running with CompressedOops enabled, and the Java Heap may be blocking the growth of the native heap
# Possible solutions:
#   Reduce memory load on the system
#   Increase physical memory or swap space
#   Check if swap backing store is full
#   Decrease Java heap size (-Xmx/-Xms)
#   Decrease number of Java threads
#   Decrease Java thread stack sizes (-Xss)
#   Set larger code cache with -XX:ReservedCodeCacheSize=
#   JVM is running with Zero Based Compressed Oops mode in which the Java heap is
#     placed in the first 32GB address space. The Java Heap base address is the
#     maximum limit for the native heap growth. Please use -XX:HeapBaseMinAddress
#     to set the Java Heap base and to place the Java Heap above 32GB virtual address.
# This output file may be truncated or incomplete.
#
#  Out of Memory Error (arena.cpp:189), pid=6872, tid=37408
#
# JRE version: Java(TM) SE Runtime Environment (17.0.10+11) (build 17.0.10+11-LTS-240)
# Java VM: Java HotSpot(TM) 64-Bit Server VM (17.0.10+11-LTS-240, mixed mode, sharing, tiered, compressed oops, compressed class ptrs, g1 gc, windows-amd64)
# No core dump will be written. Minidumps are not enabled by default on client versions of Windows
#

---------------  S U M M A R Y ------------

Command Line: -ea -Didea.test.cyclic.buffer.size=1048576 -javaagent:D:\java\ideaIU-2022.1.1.win\lib\idea_rt.jar=4953:D:\java\ideaIU-2022.1.1.win\bin -Dfile.encoding=UTF-8 com.intellij.rt.junit.JUnitStarter -ideVersion5 -junit5 com.yw.backend.InfoServiceTest,testGetInfo

Host: 11th Gen Intel(R) Core(TM) i5-1155G7 @ 2.50GHz, 8 cores, 15G,  Windows 11 , 64 bit Build 22621 (10.0.22621.4391)
Time: Mon Jan 27 22:30:50 2025  Windows 11 , 64 bit Build 22621 (10.0.22621.4391) elapsed time: 3.239889 seconds (0d 0h 0m 3s)

---------------  T H R E A D  ---------------

Current thread (0x000002a2abc06710):  JavaThread "C2 CompilerThread0" daemon [_thread_in_native, id=37408, stack(0x000000d1bc900000,0x000000d1bca00000)]


Current CompileTask:
C2:   3240 1988       4       jdk.internal.org.objectweb.asm.Frame::execute (2305 bytes)

Stack: [0x000000d1bc900000,0x000000d1bca00000]
Native frames: (J=compiled Java code, j=interpreted, Vv=VM code, C=native code)
V  [jvm.dll+0x677a5a]
V  [jvm.dll+0x7d8b2d]
V  [jvm.dll+0x7da48e]
V  [jvm.dll+0x7daaf3]
V  [jvm.dll+0x2455ff]
V  [jvm.dll+0xaaafb]
V  [jvm.dll+0xab09c]
V  [jvm.dll+0x2aafef]
V  [jvm.dll+0x57fd55]
V  [jvm.dll+0x220472]
V  [jvm.dll+0x22084f]
V  [jvm.dll+0x2197a6]
V  [jvm.dll+0x216c79]
V  [jvm.dll+0x1a3410]
V  [jvm.dll+0x226aeb]
V  [jvm.dll+0x224cab]
V  [jvm.dll+0x78e45c]
V  [jvm.dll+0x78888a]
V  [jvm.dll+0x676935]
C  [ucrtbase.dll+0x29333]
C  [KERNEL32.DLL+0x1259d]
C  [ntdll.dll+0x5af38]


---------------  P R O C E S S  ---------------

Threads class SMR info:
_java_thread_list=0x000002a2f1d8b790, length=15, elements={
0x000002a288f3cc90, 0x000002a2abb9f190, 0x000002a2abb9fd50, 0x000002a2abbfb890,
0x000002a2abbfe360, 0x000002a2abc00f40, 0x000002a2abc01d20, 0x000002a2abc06710,
0x000002a2abc070d0, 0x000002a2abc34540, 0x000002a2abb8be00, 0x000002a2abe23ec0,
0x000002a2abe243a0, 0x000002a2f1da8090, 0x000002a2f20448e0
}

Java Threads: ( => current thread )
  0x000002a288f3cc90 JavaThread "main" [_thread_in_native, id=8472, stack(0x000000d1bbc00000,0x000000d1bbd00000)]
  0x000002a2abb9f190 JavaThread "Reference Handler" daemon [_thread_blocked, id=23872, stack(0x000000d1bc300000,0x000000d1bc400000)]
  0x000002a2abb9fd50 JavaThread "Finalizer" daemon [_thread_blocked, id=41716, stack(0x000000d1bc400000,0x000000d1bc500000)]
  0x000002a2abbfb890 JavaThread "Signal Dispatcher" daemon [_thread_blocked, id=17232, stack(0x000000d1bc500000,0x000000d1bc600000)]
  0x000002a2abbfe360 JavaThread "Attach Listener" daemon [_thread_blocked, id=6776, stack(0x000000d1bc600000,0x000000d1bc700000)]
  0x000002a2abc00f40 JavaThread "Service Thread" daemon [_thread_blocked, id=39836, stack(0x000000d1bc700000,0x000000d1bc800000)]
  0x000002a2abc01d20 JavaThread "Monitor Deflation Thread" daemon [_thread_blocked, id=4228, stack(0x000000d1bc800000,0x000000d1bc900000)]
=>0x000002a2abc06710 JavaThread "C2 CompilerThread0" daemon [_thread_in_native, id=37408, stack(0x000000d1bc900000,0x000000d1bca00000)]
  0x000002a2abc070d0 JavaThread "C1 CompilerThread0" daemon [_thread_blocked, id=29300, stack(0x000000d1bca00000,0x000000d1bcb00000)]
  0x000002a2abc34540 JavaThread "Sweeper thread" daemon [_thread_blocked, id=4144, stack(0x000000d1bcb00000,0x000000d1bcc00000)]
  0x000002a2abb8be00 JavaThread "Common-Cleaner" daemon [_thread_blocked, id=38956, stack(0x000000d1bcc00000,0x000000d1bcd00000)]
  0x000002a2abe23ec0 JavaThread "Monitor Ctrl-Break" daemon [_thread_in_native, id=8836, stack(0x000000d1bce00000,0x000000d1bcf00000)]
  0x000002a2abe243a0 JavaThread "Notification Thread" daemon [_thread_blocked, id=15104, stack(0x000000d1bcf00000,0x000000d1bd000000)]
  0x000002a2f1da8090 JavaThread "C2 CompilerThread1" daemon [_thread_blocked, id=32516, stack(0x000000d1bd700000,0x000000d1bd800000)]
  0x000002a2f20448e0 JavaThread "background-preinit" [_thread_in_Java, id=22340, stack(0x000000d1bd800000,0x000000d1bd900000)]

Other Threads:
  0x000002a2abbf2010 VMThread "VM Thread" [stack: 0x000000d1bc200000,0x000000d1bc300000] [id=34092]
  0x000002a288f3eb20 WatcherThread [stack: 0x000000d1bd000000,0x000000d1bd100000] [id=37980]
  0x000002a288faa630 GCTaskThread "GC Thread#0" [stack: 0x000000d1bbd00000,0x000000d1bbe00000] [id=38172]
  0x000002a2f18e5640 GCTaskThread "GC Thread#1" [stack: 0x000000d1bd100000,0x000000d1bd200000] [id=1268]
  0x000002a2f178b0d0 GCTaskThread "GC Thread#2" [stack: 0x000000d1bd200000,0x000000d1bd300000] [id=33284]
  0x000002a2f178b390 GCTaskThread "GC Thread#3" [stack: 0x000000d1bd300000,0x000000d1bd400000] [id=27836]
  0x000002a2f178b650 GCTaskThread "GC Thread#4" [stack: 0x000000d1bd400000,0x000000d1bd500000] [id=37828]
  0x000002a2f178b910 GCTaskThread "GC Thread#5" [stack: 0x000000d1bd500000,0x000000d1bd600000] [id=7500]
  0x000002a2f1cfa760 GCTaskThread "GC Thread#6" [stack: 0x000000d1bcd00000,0x000000d1bce00000] [id=25248]
  0x000002a2f1c03ad0 GCTaskThread "GC Thread#7" [stack: 0x000000d1bd600000,0x000000d1bd700000] [id=40556]
  0x000002a288fbc220 ConcurrentGCThread "G1 Main Marker" [stack: 0x000000d1bbe00000,0x000000d1bbf00000] [id=14852]
  0x000002a288fbd3d0 ConcurrentGCThread "G1 Conc#0" [stack: 0x000000d1bbf00000,0x000000d1bc000000] [id=9452]
  0x000002a2aba53180 ConcurrentGCThread "G1 Refine#0" [stack: 0x000000d1bc000000,0x000000d1bc100000] [id=41108]
  0x000002a2aba539c0 ConcurrentGCThread "G1 Service" [stack: 0x000000d1bc100000,0x000000d1bc200000] [id=30728]

Threads with active compile tasks:
C2 CompilerThread0     3275 1988       4       jdk.internal.org.objectweb.asm.Frame::execute (2305 bytes)
C1 CompilerThread0     3275 2116       3       java.lang.invoke.LambdaFormEditor::bindArgumentL (59 bytes)
C2 CompilerThread1     3276 2120       4       java.lang.String::<init> (74 bytes)

VM state: not at safepoint (normal execution)

VM Mutex/Monitor currently owned by a thread: None

Heap address: 0x0000000703600000, size: 4042 MB, Compressed Oops mode: Zero based, Oop shift amount: 3

CDS archive(s) mapped at: [0x000002a2ac000000-0x000002a2acbd0000-0x000002a2acbd0000), size 12386304, SharedBaseAddress: 0x000002a2ac000000, ArchiveRelocationMode: 1.
Compressed class space mapped at: 0x000002a2ad000000-0x000002a2ed000000, reserved size: 1073741824
Narrow klass base: 0x000002a2ac000000, Narrow klass shift: 0, Narrow klass range: 0x100000000

GC Precious Log:
 CPUs: 8 total, 8 available
 Memory: 16167M
 Large Page Support: Disabled
 NUMA Support: Disabled
 Compressed Oops: Enabled (Zero based)
 Heap Region Size: 2M
 Heap Min Capacity: 8M
 Heap Initial Capacity: 254M
 Heap Max Capacity: 4042M
 Pre-touch: Disabled
 Parallel Workers: 8
 Concurrent Workers: 2
 Concurrent Refinement Workers: 8
 Periodic GC: Disabled

Heap:
 garbage-first heap   total 260096K, used 29391K [0x0000000703600000, 0x0000000800000000)
  region size 2048K, 12 young (24576K), 2 survivors (4096K)
 Metaspace       used 13389K, committed 13632K, reserved 1114112K
  class space    used 1739K, committed 1856K, reserved 1048576K

Heap Regions: E=young(eden), S=young(survivor), O=old, HS=humongous(starts), HC=humongous(continues), CS=collection set, F=free, OA=open archive, CA=closed archive, TAMS=top-at-mark-start (previous, next)
|   0|0x0000000703600000, 0x0000000703800000, 0x0000000703800000|100%| O|  |TAMS 0x0000000703600000, 0x0000000703600000| Untracked 
|   1|0x0000000703800000, 0x0000000703a00000, 0x0000000703a00000|100%| O|  |TAMS 0x0000000703800000, 0x0000000703800000| Untracked 
|   2|0x0000000703a00000, 0x0000000703c00000, 0x0000000703c00000|100%| O|  |TAMS 0x0000000703a00000, 0x0000000703a00000| Untracked 
|   3|0x0000000703c00000, 0x0000000703e00000, 0x0000000703e00000|100%| O|  |TAMS 0x0000000703c00000, 0x0000000703c00000| Untracked 
|   4|0x0000000703e00000, 0x0000000703e86c00, 0x0000000704000000| 26%| O|  |TAMS 0x0000000703e00000, 0x0000000703e00000| Untracked 
|   5|0x0000000704000000, 0x0000000704000000, 0x0000000704200000|  0%| F|  |TAMS 0x0000000704000000, 0x0000000704000000| Untracked 
|   6|0x0000000704200000, 0x0000000704200000, 0x0000000704400000|  0%| F|  |TAMS 0x0000000704200000, 0x0000000704200000| Untracked 
|   7|0x0000000704400000, 0x0000000704400000, 0x0000000704600000|  0%| F|  |TAMS 0x0000000704400000, 0x0000000704400000| Untracked 
|   8|0x0000000704600000, 0x0000000704600000, 0x0000000704800000|  0%| F|  |TAMS 0x0000000704600000, 0x0000000704600000| Untracked 
|   9|0x0000000704800000, 0x0000000704800000, 0x0000000704a00000|  0%| F|  |TAMS 0x0000000704800000, 0x0000000704800000| Untracked 
|  10|0x0000000704a00000, 0x0000000704a00000, 0x0000000704c00000|  0%| F|  |TAMS 0x0000000704a00000, 0x0000000704a00000| Untracked 
|  11|0x0000000704c00000, 0x0000000704c00000, 0x0000000704e00000|  0%| F|  |TAMS 0x0000000704c00000, 0x0000000704c00000| Untracked 
|  12|0x0000000704e00000, 0x0000000704e00000, 0x0000000705000000|  0%| F|  |TAMS 0x0000000704e00000, 0x0000000704e00000| Untracked 
|  13|0x0000000705000000, 0x0000000705000000, 0x0000000705200000|  0%| F|  |TAMS 0x0000000705000000, 0x0000000705000000| Untracked 
|  14|0x0000000705200000, 0x0000000705200000, 0x0000000705400000|  0%| F|  |TAMS 0x0000000705200000, 0x0000000705200000| Untracked 
|  15|0x0000000705400000, 0x0000000705400000, 0x0000000705600000|  0%| F|  |TAMS 0x0000000705400000, 0x0000000705400000| Untracked 
|  16|0x0000000705600000, 0x0000000705600000, 0x0000000705800000|  0%| F|  |TAMS 0x0000000705600000, 0x0000000705600000| Untracked 
|  17|0x0000000705800000, 0x0000000705800000, 0x0000000705a00000|  0%| F|  |TAMS 0x0000000705800000, 0x0000000705800000| Untracked 
|  18|0x0000000705a00000, 0x0000000705a00000, 0x0000000705c00000|  0%| F|  |TAMS 0x0000000705a00000, 0x0000000705a00000| Untracked 
|  19|0x0000000705c00000, 0x0000000705c00000, 0x0000000705e00000|  0%| F|  |TAMS 0x0000000705c00000, 0x0000000705c00000| Untracked 
|  20|0x0000000705e00000, 0x0000000705e00000, 0x0000000706000000|  0%| F|  |TAMS 0x0000000705e00000, 0x0000000705e00000| Untracked 
|  21|0x0000000706000000, 0x0000000706000000, 0x0000000706200000|  0%| F|  |TAMS 0x0000000706000000, 0x0000000706000000| Untracked 
|  22|0x0000000706200000, 0x0000000706200000, 0x0000000706400000|  0%| F|  |TAMS 0x0000000706200000, 0x0000000706200000| Untracked 
|  23|0x0000000706400000, 0x0000000706400000, 0x0000000706600000|  0%| F|  |TAMS 0x0000000706400000, 0x0000000706400000| Untracked 
|  24|0x0000000706600000, 0x0000000706600000, 0x0000000706800000|  0%| F|  |TAMS 0x0000000706600000, 0x0000000706600000| Untracked 
|  25|0x0000000706800000, 0x0000000706800000, 0x0000000706a00000|  0%| F|  |TAMS 0x0000000706800000, 0x0000000706800000| Untracked 
|  26|0x0000000706a00000, 0x0000000706a00000, 0x0000000706c00000|  0%| F|  |TAMS 0x0000000706a00000, 0x0000000706a00000| Untracked 
|  27|0x0000000706c00000, 0x0000000706c00000, 0x0000000706e00000|  0%| F|  |TAMS 0x0000000706c00000, 0x0000000706c00000| Untracked 
|  28|0x0000000706e00000, 0x0000000706e00000, 0x0000000707000000|  0%| F|  |TAMS 0x0000000706e00000, 0x0000000706e00000| Untracked 
|  29|0x0000000707000000, 0x0000000707000000, 0x0000000707200000|  0%| F|  |TAMS 0x0000000707000000, 0x0000000707000000| Untracked 
|  30|0x0000000707200000, 0x0000000707200000, 0x0000000707400000|  0%| F|  |TAMS 0x0000000707200000, 0x0000000707200000| Untracked 
|  31|0x0000000707400000, 0x0000000707400000, 0x0000000707600000|  0%| F|  |TAMS 0x0000000707400000, 0x0000000707400000| Untracked 
|  32|0x0000000707600000, 0x0000000707600000, 0x0000000707800000|  0%| F|  |TAMS 0x0000000707600000, 0x0000000707600000| Untracked 
|  33|0x0000000707800000, 0x0000000707800000, 0x0000000707a00000|  0%| F|  |TAMS 0x0000000707800000, 0x0000000707800000| Untracked 
|  34|0x0000000707a00000, 0x0000000707a00000, 0x0000000707c00000|  0%| F|  |TAMS 0x0000000707a00000, 0x0000000707a00000| Untracked 
|  35|0x0000000707c00000, 0x0000000707c00000, 0x0000000707e00000|  0%| F|  |TAMS 0x0000000707c00000, 0x0000000707c00000| Untracked 
|  36|0x0000000707e00000, 0x0000000707e00000, 0x0000000708000000|  0%| F|  |TAMS 0x0000000707e00000, 0x0000000707e00000| Untracked 
|  37|0x0000000708000000, 0x0000000708000000, 0x0000000708200000|  0%| F|  |TAMS 0x0000000708000000, 0x0000000708000000| Untracked 
|  38|0x0000000708200000, 0x0000000708200000, 0x0000000708400000|  0%| F|  |TAMS 0x0000000708200000, 0x0000000708200000| Untracked 
|  39|0x0000000708400000, 0x0000000708400000, 0x0000000708600000|  0%| F|  |TAMS 0x0000000708400000, 0x0000000708400000| Untracked 
|  40|0x0000000708600000, 0x0000000708600000, 0x0000000708800000|  0%| F|  |TAMS 0x0000000708600000, 0x0000000708600000| Untracked 
|  41|0x0000000708800000, 0x0000000708800000, 0x0000000708a00000|  0%| F|  |TAMS 0x0000000708800000, 0x0000000708800000| Untracked 
|  42|0x0000000708a00000, 0x0000000708a00000, 0x0000000708c00000|  0%| F|  |TAMS 0x0000000708a00000, 0x0000000708a00000| Untracked 
|  43|0x0000000708c00000, 0x0000000708c00000, 0x0000000708e00000|  0%| F|  |TAMS 0x0000000708c00000, 0x0000000708c00000| Untracked 
|  44|0x0000000708e00000, 0x0000000708e00000, 0x0000000709000000|  0%| F|  |TAMS 0x0000000708e00000, 0x0000000708e00000| Untracked 
|  45|0x0000000709000000, 0x0000000709000000, 0x0000000709200000|  0%| F|  |TAMS 0x0000000709000000, 0x0000000709000000| Untracked 
|  46|0x0000000709200000, 0x0000000709200000, 0x0000000709400000|  0%| F|  |TAMS 0x0000000709200000, 0x0000000709200000| Untracked 
|  47|0x0000000709400000, 0x0000000709400000, 0x0000000709600000|  0%| F|  |TAMS 0x0000000709400000, 0x0000000709400000| Untracked 
|  48|0x0000000709600000, 0x0000000709600000, 0x0000000709800000|  0%| F|  |TAMS 0x0000000709600000, 0x0000000709600000| Untracked 
|  49|0x0000000709800000, 0x0000000709800000, 0x0000000709a00000|  0%| F|  |TAMS 0x0000000709800000, 0x0000000709800000| Untracked 
|  50|0x0000000709a00000, 0x0000000709a00000, 0x0000000709c00000|  0%| F|  |TAMS 0x0000000709a00000, 0x0000000709a00000| Untracked 
|  51|0x0000000709c00000, 0x0000000709c00000, 0x0000000709e00000|  0%| F|  |TAMS 0x0000000709c00000, 0x0000000709c00000| Untracked 
|  52|0x0000000709e00000, 0x0000000709e00000, 0x000000070a000000|  0%| F|  |TAMS 0x0000000709e00000, 0x0000000709e00000| Untracked 
|  53|0x000000070a000000, 0x000000070a000000, 0x000000070a200000|  0%| F|  |TAMS 0x000000070a000000, 0x000000070a000000| Untracked 
|  54|0x000000070a200000, 0x000000070a200000, 0x000000070a400000|  0%| F|  |TAMS 0x000000070a200000, 0x000000070a200000| Untracked 
|  55|0x000000070a400000, 0x000000070a400000, 0x000000070a600000|  0%| F|  |TAMS 0x000000070a400000, 0x000000070a400000| Untracked 
|  56|0x000000070a600000, 0x000000070a600000, 0x000000070a800000|  0%| F|  |TAMS 0x000000070a600000, 0x000000070a600000| Untracked 
|  57|0x000000070a800000, 0x000000070a800000, 0x000000070aa00000|  0%| F|  |TAMS 0x000000070a800000, 0x000000070a800000| Untracked 
|  58|0x000000070aa00000, 0x000000070aa00000, 0x000000070ac00000|  0%| F|  |TAMS 0x000000070aa00000, 0x000000070aa00000| Untracked 
|  59|0x000000070ac00000, 0x000000070ac00000, 0x000000070ae00000|  0%| F|  |TAMS 0x000000070ac00000, 0x000000070ac00000| Untracked 
|  60|0x000000070ae00000, 0x000000070ae00000, 0x000000070b000000|  0%| F|  |TAMS 0x000000070ae00000, 0x000000070ae00000| Untracked 
|  61|0x000000070b000000, 0x000000070b000000, 0x000000070b200000|  0%| F|  |TAMS 0x000000070b000000, 0x000000070b000000| Untracked 
|  62|0x000000070b200000, 0x000000070b200000, 0x000000070b400000|  0%| F|  |TAMS 0x000000070b200000, 0x000000070b200000| Untracked 
|  63|0x000000070b400000, 0x000000070b400000, 0x000000070b600000|  0%| F|  |TAMS 0x000000070b400000, 0x000000070b400000| Untracked 
|  64|0x000000070b600000, 0x000000070b600000, 0x000000070b800000|  0%| F|  |TAMS 0x000000070b600000, 0x000000070b600000| Untracked 
|  65|0x000000070b800000, 0x000000070b800000, 0x000000070ba00000|  0%| F|  |TAMS 0x000000070b800000, 0x000000070b800000| Untracked 
|  66|0x000000070ba00000, 0x000000070ba00000, 0x000000070bc00000|  0%| F|  |TAMS 0x000000070ba00000, 0x000000070ba00000| Untracked 
|  67|0x000000070bc00000, 0x000000070bc00000, 0x000000070be00000|  0%| F|  |TAMS 0x000000070bc00000, 0x000000070bc00000| Untracked 
|  68|0x000000070be00000, 0x000000070be00000, 0x000000070c000000|  0%| F|  |TAMS 0x000000070be00000, 0x000000070be00000| Untracked 
|  69|0x000000070c000000, 0x000000070c000000, 0x000000070c200000|  0%| F|  |TAMS 0x000000070c000000, 0x000000070c000000| Untracked 
|  70|0x000000070c200000, 0x000000070c200000, 0x000000070c400000|  0%| F|  |TAMS 0x000000070c200000, 0x000000070c200000| Untracked 
|  71|0x000000070c400000, 0x000000070c400000, 0x000000070c600000|  0%| F|  |TAMS 0x000000070c400000, 0x000000070c400000| Untracked 
|  72|0x000000070c600000, 0x000000070c600000, 0x000000070c800000|  0%| F|  |TAMS 0x000000070c600000, 0x000000070c600000| Untracked 
|  73|0x000000070c800000, 0x000000070c800000, 0x000000070ca00000|  0%| F|  |TAMS 0x000000070c800000, 0x000000070c800000| Untracked 
|  74|0x000000070ca00000, 0x000000070ca00000, 0x000000070cc00000|  0%| F|  |TAMS 0x000000070ca00000, 0x000000070ca00000| Untracked 
|  75|0x000000070cc00000, 0x000000070cc00000, 0x000000070ce00000|  0%| F|  |TAMS 0x000000070cc00000, 0x000000070cc00000| Untracked 
|  76|0x000000070ce00000, 0x000000070ce00000, 0x000000070d000000|  0%| F|  |TAMS 0x000000070ce00000, 0x000000070ce00000| Untracked 
|  77|0x000000070d000000, 0x000000070d000000, 0x000000070d200000|  0%| F|  |TAMS 0x000000070d000000, 0x000000070d000000| Untracked 
|  78|0x000000070d200000, 0x000000070d200000, 0x000000070d400000|  0%| F|  |TAMS 0x000000070d200000, 0x000000070d200000| Untracked 
|  79|0x000000070d400000, 0x000000070d400000, 0x000000070d600000|  0%| F|  |TAMS 0x000000070d400000, 0x000000070d400000| Untracked 
|  80|0x000000070d600000, 0x000000070d600000, 0x000000070d800000|  0%| F|  |TAMS 0x000000070d600000, 0x000000070d600000| Untracked 
|  81|0x000000070d800000, 0x000000070d800000, 0x000000070da00000|  0%| F|  |TAMS 0x000000070d800000, 0x000000070d800000| Untracked 
|  82|0x000000070da00000, 0x000000070da00000, 0x000000070dc00000|  0%| F|  |TAMS 0x000000070da00000, 0x000000070da00000| Untracked 
|  83|0x000000070dc00000, 0x000000070dc00000, 0x000000070de00000|  0%| F|  |TAMS 0x000000070dc00000, 0x000000070dc00000| Untracked 
|  84|0x000000070de00000, 0x000000070de00000, 0x000000070e000000|  0%| F|  |TAMS 0x000000070de00000, 0x000000070de00000| Untracked 
|  85|0x000000070e000000, 0x000000070e000000, 0x000000070e200000|  0%| F|  |TAMS 0x000000070e000000, 0x000000070e000000| Untracked 
|  86|0x000000070e200000, 0x000000070e200000, 0x000000070e400000|  0%| F|  |TAMS 0x000000070e200000, 0x000000070e200000| Untracked 
|  87|0x000000070e400000, 0x000000070e400000, 0x000000070e600000|  0%| F|  |TAMS 0x000000070e400000, 0x000000070e400000| Untracked 
|  88|0x000000070e600000, 0x000000070e600000, 0x000000070e800000|  0%| F|  |TAMS 0x000000070e600000, 0x000000070e600000| Untracked 
|  89|0x000000070e800000, 0x000000070e800000, 0x000000070ea00000|  0%| F|  |TAMS 0x000000070e800000, 0x000000070e800000| Untracked 
|  90|0x000000070ea00000, 0x000000070ea00000, 0x000000070ec00000|  0%| F|  |TAMS 0x000000070ea00000, 0x000000070ea00000| Untracked 
|  91|0x000000070ec00000, 0x000000070ec00000, 0x000000070ee00000|  0%| F|  |TAMS 0x000000070ec00000, 0x000000070ec00000| Untracked 
|  92|0x000000070ee00000, 0x000000070ee00000, 0x000000070f000000|  0%| F|  |TAMS 0x000000070ee00000, 0x000000070ee00000| Untracked 
|  93|0x000000070f000000, 0x000000070f000000, 0x000000070f200000|  0%| F|  |TAMS 0x000000070f000000, 0x000000070f000000| Untracked 
|  94|0x000000070f200000, 0x000000070f200000, 0x000000070f400000|  0%| F|  |TAMS 0x000000070f200000, 0x000000070f200000| Untracked 
|  95|0x000000070f400000, 0x000000070f400000, 0x000000070f600000|  0%| F|  |TAMS 0x000000070f400000, 0x000000070f400000| Untracked 
|  96|0x000000070f600000, 0x000000070f600000, 0x000000070f800000|  0%| F|  |TAMS 0x000000070f600000, 0x000000070f600000| Untracked 
|  97|0x000000070f800000, 0x000000070f800000, 0x000000070fa00000|  0%| F|  |TAMS 0x000000070f800000, 0x000000070f800000| Untracked 
|  98|0x000000070fa00000, 0x000000070fa00000, 0x000000070fc00000|  0%| F|  |TAMS 0x000000070fa00000, 0x000000070fa00000| Untracked 
|  99|0x000000070fc00000, 0x000000070fc00000, 0x000000070fe00000|  0%| F|  |TAMS 0x000000070fc00000, 0x000000070fc00000| Untracked 
| 100|0x000000070fe00000, 0x000000070fe00000, 0x0000000710000000|  0%| F|  |TAMS 0x000000070fe00000, 0x000000070fe00000| Untracked 
| 101|0x0000000710000000, 0x0000000710000000, 0x0000000710200000|  0%| F|  |TAMS 0x0000000710000000, 0x0000000710000000| Untracked 
| 102|0x0000000710200000, 0x0000000710200000, 0x0000000710400000|  0%| F|  |TAMS 0x0000000710200000, 0x0000000710200000| Untracked 
| 103|0x0000000710400000, 0x0000000710400000, 0x0000000710600000|  0%| F|  |TAMS 0x0000000710400000, 0x0000000710400000| Untracked 
| 104|0x0000000710600000, 0x0000000710600000, 0x0000000710800000|  0%| F|  |TAMS 0x0000000710600000, 0x0000000710600000| Untracked 
| 105|0x0000000710800000, 0x0000000710800000, 0x0000000710a00000|  0%| F|  |TAMS 0x0000000710800000, 0x0000000710800000| Untracked 
| 106|0x0000000710a00000, 0x0000000710a00000, 0x0000000710c00000|  0%| F|  |TAMS 0x0000000710a00000, 0x0000000710a00000| Untracked 
| 107|0x0000000710c00000, 0x0000000710c00000, 0x0000000710e00000|  0%| F|  |TAMS 0x0000000710c00000, 0x0000000710c00000| Untracked 
| 108|0x0000000710e00000, 0x0000000710e00000, 0x0000000711000000|  0%| F|  |TAMS 0x0000000710e00000, 0x0000000710e00000| Untracked 
| 109|0x0000000711000000, 0x0000000711000000, 0x0000000711200000|  0%| F|  |TAMS 0x0000000711000000, 0x0000000711000000| Untracked 
| 110|0x0000000711200000, 0x0000000711200000, 0x0000000711400000|  0%| F|  |TAMS 0x0000000711200000, 0x0000000711200000| Untracked 
| 111|0x0000000711400000, 0x0000000711400000, 0x0000000711600000|  0%| F|  |TAMS 0x0000000711400000, 0x0000000711400000| Untracked 
| 112|0x0000000711600000, 0x0000000711600000, 0x0000000711800000|  0%| F|  |TAMS 0x0000000711600000, 0x0000000711600000| Untracked 
| 113|0x0000000711800000, 0x000000071182d040, 0x0000000711a00000|  8%| S|CS|TAMS 0x0000000711800000, 0x0000000711800000| Complete 
| 114|0x0000000711a00000, 0x0000000711a00000, 0x0000000711c00000|  0%| F|  |TAMS 0x0000000711a00000, 0x0000000711a00000| Untracked 
| 115|0x0000000711c00000, 0x0000000711d885e0, 0x0000000711e00000| 76%| E|  |TAMS 0x0000000711c00000, 0x0000000711c00000| Complete 
| 116|0x0000000711e00000, 0x0000000712000000, 0x0000000712000000|100%| S|CS|TAMS 0x0000000711e00000, 0x0000000711e00000| Complete 
| 117|0x0000000712000000, 0x0000000712200000, 0x0000000712200000|100%| E|CS|TAMS 0x0000000712000000, 0x0000000712000000| Complete 
| 118|0x0000000712200000, 0x0000000712400000, 0x0000000712400000|100%| E|CS|TAMS 0x0000000712200000, 0x0000000712200000| Complete 
| 119|0x0000000712400000, 0x0000000712600000, 0x0000000712600000|100%| E|CS|TAMS 0x0000000712400000, 0x0000000712400000| Complete 
| 120|0x0000000712600000, 0x0000000712800000, 0x0000000712800000|100%| E|CS|TAMS 0x0000000712600000, 0x0000000712600000| Complete 
| 121|0x0000000712800000, 0x0000000712a00000, 0x0000000712a00000|100%| E|CS|TAMS 0x0000000712800000, 0x0000000712800000| Complete 
| 122|0x0000000712a00000, 0x0000000712c00000, 0x0000000712c00000|100%| E|CS|TAMS 0x0000000712a00000, 0x0000000712a00000| Complete 
| 123|0x0000000712c00000, 0x0000000712e00000, 0x0000000712e00000|100%| E|CS|TAMS 0x0000000712c00000, 0x0000000712c00000| Complete 
| 124|0x0000000712e00000, 0x0000000713000000, 0x0000000713000000|100%| E|CS|TAMS 0x0000000712e00000, 0x0000000712e00000| Complete 
| 125|0x0000000713000000, 0x0000000713200000, 0x0000000713200000|100%| E|CS|TAMS 0x0000000713000000, 0x0000000713000000| Complete 
| 126|0x0000000713200000, 0x0000000713400000, 0x0000000713400000|100%| E|CS|TAMS 0x0000000713200000, 0x0000000713200000| Complete 

Card table byte_map: [0x000002a2a02f0000,0x000002a2a0ae0000] _byte_map_base: 0x000002a29cad5000

Marking Bits (Prev, Next): (CMBitMap*) 0x000002a288fabc60, (CMBitMap*) 0x000002a288fabca0
 Prev Bits: [0x000002a2a12d0000, 0x000002a2a51f8000)
 Next Bits: [0x000002a2a5200000, 0x000002a2a9128000)

Polling page: 0x000002a286e80000

Metaspace:

Usage:
  Non-class:     11.59 MB used.
      Class:      1.72 MB used.
       Both:     13.31 MB used.

Virtual space:
  Non-class space:       64.00 MB reserved,      11.69 MB ( 18%) committed,  1 nodes.
      Class space:        1.00 GB reserved,       1.81 MB ( <1%) committed,  1 nodes.
             Both:        1.06 GB reserved,      13.50 MB (  1%) committed. 

Chunk freelists:
   Non-Class:  3.52 MB
       Class:  14.16 MB
        Both:  17.67 MB

MaxMetaspaceSize: unlimited
CompressedClassSpaceSize: 1.00 GB
Initial GC threshold: 21.00 MB
Current GC threshold: 21.00 MB
CDS: on
MetaspaceReclaimPolicy: balanced
 - commit_granule_bytes: 65536.
 - commit_granule_words: 8192.
 - virtual_space_node_default_size: 8388608.
 - enlarge_chunks_in_place: 1.
 - new_chunks_are_fully_committed: 0.
 - uncommit_free_chunks: 1.
 - use_allocation_guard: 0.
 - handle_deallocations: 1.


Internal statistics:

num_allocs_failed_limit: 0.
num_arena_births: 178.
num_arena_deaths: 0.
num_vsnodes_births: 2.
num_vsnodes_deaths: 0.
num_space_committed: 216.
num_space_uncommitted: 0.
num_chunks_returned_to_freelist: 0.
num_chunks_taken_from_freelist: 624.
num_chunk_merges: 0.
num_chunk_splits: 400.
num_chunks_enlarged: 295.
num_inconsistent_stats: 0.

CodeHeap 'non-profiled nmethods': size=120000Kb used=890Kb max_used=890Kb free=119109Kb
 bounds [0x000002a2982a0000, 0x000002a298510000, 0x000002a29f7d0000]
CodeHeap 'profiled nmethods': size=120000Kb used=4198Kb max_used=4198Kb free=115801Kb
 bounds [0x000002a2907d0000, 0x000002a290bf0000, 0x000002a297d00000]
CodeHeap 'non-nmethods': size=5760Kb used=1181Kb max_used=1211Kb free=4578Kb
 bounds [0x000002a297d00000, 0x000002a297f70000, 0x000002a2982a0000]
 total_blobs=2584 nmethods=2121 adapters=375
 compilation: enabled
              stopped_count=0, restarted_count=0
 full_count=0

Compilation events (20 events):
Event: 3.217 Thread 0x000002a2abc070d0 nmethod 2069 0x000002a290bcd310 code [0x000002a290bcd580, 0x000002a290bce0b8]
Event: 3.217 Thread 0x000002a2abc070d0 2056       3       java.time.Instant::<init> (15 bytes)
Event: 3.217 Thread 0x000002a2abc070d0 nmethod 2056 0x000002a290bce310 code [0x000002a290bce4a0, 0x000002a290bce618]
Event: 3.217 Thread 0x000002a2abc070d0 2059       3       java.time.Instant::ofEpochSecond (31 bytes)
Event: 3.218 Thread 0x000002a2abc070d0 nmethod 2059 0x000002a290bce710 code [0x000002a290bce8e0, 0x000002a290bceab8]
Event: 3.218 Thread 0x000002a2abc070d0 2060       3       java.time.Instant::create (49 bytes)
Event: 3.218 Thread 0x000002a2abc070d0 nmethod 2060 0x000002a290bcec10 code [0x000002a290bcede0, 0x000002a290bcf1c8]
Event: 3.218 Thread 0x000002a2abc070d0 2072       3       java.time.Clock::currentInstant (84 bytes)
Event: 3.218 Thread 0x000002a2abc070d0 nmethod 2072 0x000002a290bcf310 code [0x000002a290bcf580, 0x000002a290bcfdd8]
Event: 3.223 Thread 0x000002a2abc070d0 2074       3       java.util.BitSet::wordIndex (5 bytes)
Event: 3.223 Thread 0x000002a2abc070d0 nmethod 2074 0x000002a290bd0110 code [0x000002a290bd02a0, 0x000002a290bd0398]
Event: 3.223 Thread 0x000002a2abc070d0 2075       3       java.util.BitSet::checkInvariants (111 bytes)
Event: 3.223 Thread 0x000002a2abc070d0 nmethod 2075 0x000002a290bd0410 code [0x000002a290bd05a0, 0x000002a290bd06d8]
Event: 3.223 Thread 0x000002a2abc070d0 2076       3       java.util.BitSet::get (69 bytes)
Event: 3.223 Thread 0x000002a2abc070d0 nmethod 2076 0x000002a290bd0790 code [0x000002a290bd09e0, 0x000002a290bd11e8]
Event: 3.227 Thread 0x000002a2abc070d0 2077       3       java.util.concurrent.ConcurrentHashMap::get (162 bytes)
Event: 3.228 Thread 0x000002a2abc070d0 nmethod 2077 0x000002a290bd1510 code [0x000002a290bd1760, 0x000002a290bd2268]
Event: 3.230 Thread 0x000002a2f1da8090 2078   !   4       java.util.zip.Inflater::inflate (418 bytes)
Event: 3.235 Thread 0x000002a2f1da8090 nmethod 2078 0x000002a29837a990 code [0x000002a29837ab40, 0x000002a29837b258]
Event: 3.237 Thread 0x000002a2f1da8090 2079       4       java.util.LinkedHashMap::get (29 bytes)

GC Heap History (4 events):
Event: 0.889 GC heap before
{Heap before GC invocations=0 (full 0):
 garbage-first heap   total 260096K, used 22528K [0x0000000703600000, 0x0000000800000000)
  region size 2048K, 11 young (22528K), 0 survivors (0K)
 Metaspace       used 3615K, committed 3712K, reserved 1114112K
  class space    used 407K, committed 448K, reserved 1048576K
}
Event: 0.897 GC heap after
{Heap after GC invocations=1 (full 0):
 garbage-first heap   total 260096K, used 8839K [0x0000000703600000, 0x0000000800000000)
  region size 2048K, 2 young (4096K), 2 survivors (4096K)
 Metaspace       used 3615K, committed 3712K, reserved 1114112K
  class space    used 407K, committed 448K, reserved 1048576K
}
Event: 2.048 GC heap before
{Heap before GC invocations=1 (full 0):
 garbage-first heap   total 260096K, used 27271K [0x0000000703600000, 0x0000000800000000)
  region size 2048K, 12 young (24576K), 2 survivors (4096K)
 Metaspace       used 8689K, committed 8896K, reserved 1114112K
  class space    used 1074K, committed 1152K, reserved 1048576K
}
Event: 2.051 GC heap after
{Heap after GC invocations=2 (full 0):
 garbage-first heap   total 260096K, used 10959K [0x0000000703600000, 0x0000000800000000)
  region size 2048K, 2 young (4096K), 2 survivors (4096K)
 Metaspace       used 8689K, committed 8896K, reserved 1114112K
  class space    used 1074K, committed 1152K, reserved 1048576K
}

Deoptimization events (20 events):
Event: 2.206 Thread 0x000002a288f3cc90 DEOPT PACKING pc=0x000002a29832de40 sp=0x000000d1bbcfb7c0
Event: 2.206 Thread 0x000002a288f3cc90 DEOPT UNPACKING pc=0x000002a297d55ba3 sp=0x000000d1bbcfb768 mode 2
Event: 2.214 Thread 0x000002a288f3cc90 DEOPT PACKING pc=0x000002a290aaf618 sp=0x000000d1bbcf84e0
Event: 2.215 Thread 0x000002a288f3cc90 DEOPT UNPACKING pc=0x000002a297d566e3 sp=0x000000d1bbcf79e8 mode 0
Event: 2.488 Thread 0x000002a288f3cc90 Uncommon trap: trap_request=0xffffff45 fr.pc=0x000002a298339974 relative=0x00000000000002d4
Event: 2.488 Thread 0x000002a288f3cc90 Uncommon trap: reason=unstable_if action=reinterpret pc=0x000002a298339974 method=java.lang.String.indexOf([BBILjava/lang/String;I)I @ 21 c2
Event: 2.488 Thread 0x000002a288f3cc90 DEOPT PACKING pc=0x000002a298339974 sp=0x000000d1bbcfb4e0
Event: 2.488 Thread 0x000002a288f3cc90 DEOPT UNPACKING pc=0x000002a297d55ba3 sp=0x000000d1bbcfb3f0 mode 2
Event: 3.129 Thread 0x000002a288f3cc90 Uncommon trap: trap_request=0xffffff45 fr.pc=0x000002a298376618 relative=0x00000000000000f8
Event: 3.129 Thread 0x000002a288f3cc90 Uncommon trap: reason=unstable_if action=reinterpret pc=0x000002a298376618 method=java.util.Arrays.equals([Ljava/lang/Object;[Ljava/lang/Object;)Z @ 23 c2
Event: 3.129 Thread 0x000002a288f3cc90 DEOPT PACKING pc=0x000002a298376618 sp=0x000000d1bbcfb780
Event: 3.129 Thread 0x000002a288f3cc90 DEOPT UNPACKING pc=0x000002a297d55ba3 sp=0x000000d1bbcfb718 mode 2
Event: 3.214 Thread 0x000002a288f3cc90 Uncommon trap: trap_request=0xffffff45 fr.pc=0x000002a298348234 relative=0x00000000000014d4
Event: 3.214 Thread 0x000002a288f3cc90 Uncommon trap: reason=unstable_if action=reinterpret pc=0x000002a298348234 method=java.net.URL.<init>(Ljava/net/URL;Ljava/lang/String;Ljava/net/URLStreamHandler;)V @ 347 c2
Event: 3.214 Thread 0x000002a288f3cc90 DEOPT PACKING pc=0x000002a298348234 sp=0x000000d1bbcfc390
Event: 3.214 Thread 0x000002a288f3cc90 DEOPT UNPACKING pc=0x000002a297d55ba3 sp=0x000000d1bbcfc310 mode 2
Event: 3.225 Thread 0x000002a288f3cc90 Uncommon trap: trap_request=0xffffff45 fr.pc=0x000002a2982fd71c relative=0x000000000000027c
Event: 3.225 Thread 0x000002a288f3cc90 Uncommon trap: reason=unstable_if action=reinterpret pc=0x000002a2982fd71c method=java.util.concurrent.ConcurrentHashMap.get(Ljava/lang/Object;)Ljava/lang/Object; @ 86 c2
Event: 3.225 Thread 0x000002a288f3cc90 DEOPT PACKING pc=0x000002a2982fd71c sp=0x000000d1bbcf7e10
Event: 3.225 Thread 0x000002a288f3cc90 DEOPT UNPACKING pc=0x000002a297d55ba3 sp=0x000000d1bbcf7d78 mode 2

Classes unloaded (0 events):
No events

Classes redefined (0 events):
No events

Internal exceptions (20 events):
Event: 1.357 Thread 0x000002a288f3cc90 Exception <a 'java/lang/NoSuchMethodError'{0x0000000712afa180}: 'int java.lang.invoke.DirectMethodHandle$Holder.invokeStaticInit(java.lang.Object, java.lang.Object, java.lang.Object)'> (0x0000000712afa180) 
thrown [s\open\src\hotspot\share\interpreter\linkResolver.cpp, line 759]
Event: 1.435 Thread 0x000002a288f3cc90 Exception <a 'java/lang/NoSuchMethodError'{0x0000000712bffa60}: 'int java.lang.invoke.DirectMethodHandle$Holder.invokeInterface(java.lang.Object, java.lang.Object)'> (0x0000000712bffa60) 
thrown [s\open\src\hotspot\share\interpreter\linkResolver.cpp, line 759]
Event: 1.978 Thread 0x000002a288f3cc90 Exception <a 'java/lang/NoSuchMethodError'{0x0000000712304908}: 'void java.lang.invoke.DirectMethodHandle$Holder.invokeVirtual(java.lang.Object, java.lang.Object, java.lang.Object, java.lang.Object)'> (0x0000000712304908) 
thrown [s\open\src\hotspot\share\interpreter\linkResolver.cpp, line 759]
Event: 2.126 Thread 0x000002a288f3cc90 Exception <a 'java/lang/NoSuchMethodError'{0x00000007131b41f0}: 'java.lang.Object java.lang.invoke.DirectMethodHandle$Holder.newInvokeSpecial(java.lang.Object, java.lang.Object, java.lang.Object, java.lang.Object, java.lang.Object, java.lang.Object, java.lang.Object)'> (0x00000007131b41f0) 
thrown [s\open\src\hotspot\share\interpreter\linkResolver.cpp, line 759]
Event: 2.127 Thread 0x000002a288f3cc90 Exception <a 'java/lang/NoSuchMethodError'{0x00000007131b8da8}: 'java.lang.Object java.lang.invoke.Invokers$Holder.linkToTargetMethod(java.lang.Object, java.lang.Object, java.lang.Object, java.lang.Object, java.lang.Object, java.lang.Object, java.lang.Object)'> (0x00000007131b8da8) 
thrown [s\open\src\hotspot\share\interpreter\linkResolver.cpp, line 759]
Event: 2.127 Thread 0x000002a288f3cc90 Exception <a 'java/lang/NoSuchMethodError'{0x00000007131bf2f0}: 'java.lang.Object java.lang.invoke.DirectMethodHandle$Holder.invokeInterface(java.lang.Object, java.lang.Object, java.lang.Object, java.lang.Object, java.lang.Object)'> (0x00000007131bf2f0) 
thrown [s\open\src\hotspot\share\interpreter\linkResolver.cpp, line 759]
Event: 2.128 Thread 0x000002a288f3cc90 Exception <a 'java/lang/IncompatibleClassChangeError'{0x00000007131c30e8}: Found class java.lang.Object, but interface was expected> (0x00000007131c30e8) 
thrown [s\open\src\hotspot\share\interpreter\linkResolver.cpp, line 826]
Event: 2.221 Thread 0x000002a288f3cc90 Exception <a 'sun/nio/fs/WindowsException'{0x0000000712cfd9a0}> (0x0000000712cfd9a0) 
thrown [s\open\src\hotspot\share\prims\jni.cpp, line 516]
Event: 2.265 Thread 0x000002a288f3cc90 Exception <a 'java/lang/IncompatibleClassChangeError'{0x0000000712d490e8}: Found class java.lang.Object, but interface was expected> (0x0000000712d490e8) 
thrown [s\open\src\hotspot\share\interpreter\linkResolver.cpp, line 826]
Event: 2.287 Thread 0x000002a288f3cc90 Exception <a 'java/lang/NoSuchMethodError'{0x0000000712de7c08}: 'int java.lang.invoke.DirectMethodHandle$Holder.invokeSpecial(java.lang.Object, java.lang.Object, java.lang.Object, java.lang.Object)'> (0x0000000712de7c08) 
thrown [s\open\src\hotspot\share\interpreter\linkResolver.cpp, line 759]
Event: 2.392 Thread 0x000002a288f3cc90 Exception <a 'java/lang/NoSuchMethodError'{0x0000000712a9f960}: 'void java.lang.invoke.DirectMethodHandle$Holder.invokeStatic(java.lang.Object, java.lang.Object, java.lang.Object, java.lang.Object, java.lang.Object, java.lang.Object)'> (0x0000000712a9f960) 
thrown [s\open\src\hotspot\share\interpreter\linkResolver.cpp, line 759]
Event: 2.403 Thread 0x000002a288f3cc90 Exception <a 'java/lang/NoSuchMethodError'{0x0000000712b13450}: 'java.lang.Object java.lang.invoke.DirectMethodHandle$Holder.invokeSpecial(java.lang.Object, java.lang.Object, java.lang.Object, java.lang.Object, java.lang.Object, java.lang.Object, int)'> (0x0000000712b13450) 
thrown [s\open\src\hotspot\share\interpreter\linkResolver.cpp, line 759]
Event: 2.403 Thread 0x000002a288f3cc90 Exception <a 'java/lang/NoSuchMethodError'{0x0000000712b1df00}: 'java.lang.Object java.lang.invoke.DirectMethodHandle$Holder.newInvokeSpecial(java.lang.Object, java.lang.Object, java.lang.Object, java.lang.Object, java.lang.Object, java.lang.Object, int)'> (0x0000000712b1df00) 
thrown [s\open\src\hotspot\share\interpreter\linkResolver.cpp, line 759]
Event: 2.403 Thread 0x000002a288f3cc90 Exception <a 'java/lang/NoSuchMethodError'{0x0000000712b23490}: 'java.lang.Object java.lang.invoke.DirectMethodHandle$Holder.invokeSpecial(java.lang.Object, java.lang.Object, java.lang.Object, java.lang.Object, java.lang.Object, java.lang.Object, java.lang.Object, int)'> (0x0000000712b23490) 
thrown [s\open\src\hotspot\share\interpreter\linkResolver.cpp, line 759]
Event: 2.708 Thread 0x000002a288f3cc90 Exception <a 'java/lang/NoSuchMethodError'{0x00000007129301a8}: 'java.lang.Object java.lang.invoke.DirectMethodHandle$Holder.invokeSpecial(java.lang.Object, java.lang.Object, java.lang.Object, int, java.lang.Object)'> (0x00000007129301a8) 
thrown [s\open\src\hotspot\share\interpreter\linkResolver.cpp, line 759]
Event: 2.758 Thread 0x000002a288f3cc90 Exception <a 'java/lang/NoSuchMethodError'{0x0000000712938c68}: 'java.lang.Object java.lang.invoke.DirectMethodHandle$Holder.newInvokeSpecial(java.lang.Object, java.lang.Object, java.lang.Object, int, java.lang.Object)'> (0x0000000712938c68) 
thrown [s\open\src\hotspot\share\interpreter\linkResolver.cpp, line 759]
Event: 2.760 Thread 0x000002a288f3cc90 Exception <a 'java/lang/NoSuchMethodError'{0x0000000712940b88}: 'java.lang.Object java.lang.invoke.Invokers$Holder.linkToTargetMethod(java.lang.Object, java.lang.Object, int, java.lang.Object, java.lang.Object)'> (0x0000000712940b88) 
thrown [s\open\src\hotspot\share\interpreter\linkResolver.cpp, line 759]
Event: 2.763 Thread 0x000002a288f3cc90 Exception <a 'java/lang/NoSuchMethodError'{0x0000000712950488}: 'java.lang.Object java.lang.invoke.DirectMethodHandle$Holder.newInvokeSpecial(java.lang.Object, int, java.lang.Object)'> (0x0000000712950488) 
thrown [s\open\src\hotspot\share\interpreter\linkResolver.cpp, line 759]
Event: 3.033 Thread 0x000002a288f3cc90 Exception <a 'java/lang/NoSuchMethodError'{0x00000007126caba0}: 'void java.lang.invoke.DirectMethodHandle$Holder.invokeStaticInit(java.lang.Object, java.lang.Object)'> (0x00000007126caba0) 
thrown [s\open\src\hotspot\share\interpreter\linkResolver.cpp, line 759]
Event: 3.213 Thread 0x000002a2f20448e0 Exception <a 'java/lang/NoClassDefFoundError'{0x0000000712514c10}: javax/validation/Validation> (0x0000000712514c10) 
thrown [s\open\src\hotspot\share\classfile\systemDictionary.cpp, line 245]

VM Operations (20 events):
Event: 1.227 Executing VM operation: HandshakeAllThreads
Event: 1.227 Executing VM operation: HandshakeAllThreads done
Event: 1.288 Executing VM operation: HandshakeAllThreads
Event: 1.288 Executing VM operation: HandshakeAllThreads done
Event: 1.334 Executing VM operation: HandshakeAllThreads
Event: 1.334 Executing VM operation: HandshakeAllThreads done
Event: 1.335 Executing VM operation: HandshakeAllThreads
Event: 1.335 Executing VM operation: HandshakeAllThreads done
Event: 1.438 Executing VM operation: HandshakeAllThreads
Event: 1.438 Executing VM operation: HandshakeAllThreads done
Event: 1.664 Executing VM operation: HandshakeAllThreads
Event: 1.664 Executing VM operation: HandshakeAllThreads done
Event: 2.048 Executing VM operation: G1CollectForAllocation
Event: 2.051 Executing VM operation: G1CollectForAllocation done
Event: 2.131 Executing VM operation: HandshakeAllThreads
Event: 2.131 Executing VM operation: HandshakeAllThreads done
Event: 2.503 Executing VM operation: HandshakeAllThreads
Event: 2.503 Executing VM operation: HandshakeAllThreads done
Event: 2.948 Executing VM operation: HandshakeAllThreads
Event: 2.948 Executing VM operation: HandshakeAllThreads done

Events (20 events):
Event: 3.111 loading class java/net/InetAddress$CachedAddresses
Event: 3.111 loading class java/net/InetAddress$CachedAddresses done
Event: 3.115 loading class java/util/concurrent/atomic/Striped64$1
Event: 3.116 loading class java/util/concurrent/atomic/Striped64$1 done
Event: 3.116 loading class java/net/InetAddress$CachedLocalHost
Event: 3.116 loading class java/net/InetAddress$CachedLocalHost done
Event: 3.143 Thread 0x000002a2f1da8090 Thread added: 0x000002a2f1da8090
Event: 3.176 loading class java/util/Stack
Event: 3.177 loading class java/util/Stack done
Event: 3.177 loading class java/util/Vector$Itr
Event: 3.177 loading class java/util/Vector$Itr done
Event: 3.207 Thread 0x000002a2f20448e0 Thread added: 0x000002a2f20448e0
Event: 3.217 loading class java/io/Console
Event: 3.218 loading class java/io/Console done
Event: 3.218 loading class sun/nio/cs/MS936
Event: 3.218 loading class sun/nio/cs/MS936 done
Event: 3.218 loading class java/io/Console$2
Event: 3.218 loading class jdk/internal/access/JavaIOAccess
Event: 3.218 loading class jdk/internal/access/JavaIOAccess done
Event: 3.218 loading class java/io/Console$2 done


Dynamic libraries:
0x00007ff6b9080000 - 0x00007ff6b9090000 	D:\java\JDK\jdk-17\bin\java.exe
0x00007ffec59b0000 - 0x00007ffec5bc7000 	C:\WINDOWS\SYSTEM32\ntdll.dll
0x00007ffec4c20000 - 0x00007ffec4ce4000 	C:\WINDOWS\System32\KERNEL32.DLL
0x00007ffec32e0000 - 0x00007ffec369a000 	C:\WINDOWS\System32\KERNELBASE.dll
0x00007ffec2ca0000 - 0x00007ffec2db1000 	C:\WINDOWS\System32\ucrtbase.dll
0x00007ffeb6150000 - 0x00007ffeb6169000 	D:\java\JDK\jdk-17\bin\jli.dll
0x00007ffeb5e80000 - 0x00007ffeb5e9b000 	D:\java\JDK\jdk-17\bin\VCRUNTIME140.dll
0x00007ffec51e0000 - 0x00007ffec5292000 	C:\WINDOWS\System32\ADVAPI32.dll
0x00007ffec3810000 - 0x00007ffec38b7000 	C:\WINDOWS\System32\msvcrt.dll
0x00007ffec4d80000 - 0x00007ffec4e27000 	C:\WINDOWS\System32\sechost.dll
0x00007ffec2f30000 - 0x00007ffec2f58000 	C:\WINDOWS\System32\bcrypt.dll
0x00007ffec52a0000 - 0x00007ffec53b4000 	C:\WINDOWS\System32\RPCRT4.dll
0x00007ffec57c0000 - 0x00007ffec596e000 	C:\WINDOWS\System32\USER32.dll
0x00007ffec2c70000 - 0x00007ffec2c96000 	C:\WINDOWS\System32\win32u.dll
0x00007ffec42f0000 - 0x00007ffec4319000 	C:\WINDOWS\System32\GDI32.dll
0x00007ffec3060000 - 0x00007ffec317b000 	C:\WINDOWS\System32\gdi32full.dll
0x00007ffeb3550000 - 0x00007ffeb37e2000 	C:\WINDOWS\WinSxS\amd64_microsoft.windows.common-controls_6595b64144ccf1df_6.0.22621.4541_none_2710d1c57384c085\COMCTL32.dll
0x00007ffec3240000 - 0x00007ffec32da000 	C:\WINDOWS\System32\msvcp_win.dll
0x00007ffeb62a0000 - 0x00007ffeb62aa000 	C:\WINDOWS\SYSTEM32\VERSION.dll
0x00007ffec5780000 - 0x00007ffec57b1000 	C:\WINDOWS\System32\IMM32.DLL
0x00007ffeb6260000 - 0x00007ffeb626c000 	D:\java\JDK\jdk-17\bin\vcruntime140_1.dll
0x00007ffe85080000 - 0x00007ffe8510e000 	D:\java\JDK\jdk-17\bin\msvcp140.dll
0x00007ffddf700000 - 0x00007ffde02df000 	D:\java\JDK\jdk-17\bin\server\jvm.dll
0x00007ffec3800000 - 0x00007ffec3808000 	C:\WINDOWS\System32\PSAPI.DLL
0x00007ffea4cb0000 - 0x00007ffea4cb9000 	C:\WINDOWS\SYSTEM32\WSOCK32.dll
0x00007ffec4320000 - 0x00007ffec4391000 	C:\WINDOWS\System32\WS2_32.dll
0x00007ffebb870000 - 0x00007ffebb8a4000 	C:\WINDOWS\SYSTEM32\WINMM.dll
0x00007ffec1da0000 - 0x00007ffec1db8000 	C:\WINDOWS\SYSTEM32\kernel.appcore.dll
0x00007ffeb2830000 - 0x00007ffeb283a000 	D:\java\JDK\jdk-17\bin\jimage.dll
0x00007ffebfb80000 - 0x00007ffebfdb2000 	C:\WINDOWS\SYSTEM32\DBGHELP.DLL
0x00007ffec53e0000 - 0x00007ffec5771000 	C:\WINDOWS\System32\combase.dll
0x00007ffec3f00000 - 0x00007ffec3fd7000 	C:\WINDOWS\System32\OLEAUT32.dll
0x00007ffea01f0000 - 0x00007ffea0222000 	C:\WINDOWS\SYSTEM32\dbgcore.DLL
0x00007ffec2fe0000 - 0x00007ffec305b000 	C:\WINDOWS\System32\bcryptPrimitives.dll
0x00007ffebd340000 - 0x00007ffebd34e000 	D:\java\JDK\jdk-17\bin\instrument.dll
0x00007ffeaa180000 - 0x00007ffeaa1a5000 	D:\java\JDK\jdk-17\bin\java.dll
0x00007ffe83950000 - 0x00007ffe83a27000 	D:\java\JDK\jdk-17\bin\jsvml.dll
0x00007ffec43a0000 - 0x00007ffec4c19000 	C:\WINDOWS\System32\SHELL32.dll
0x00007ffec0b60000 - 0x00007ffec1469000 	C:\WINDOWS\SYSTEM32\windows.storage.dll
0x00007ffec0a20000 - 0x00007ffec0b5f000 	C:\WINDOWS\SYSTEM32\wintypes.dll
0x00007ffec3700000 - 0x00007ffec37fa000 	C:\WINDOWS\System32\SHCORE.dll
0x00007ffec4240000 - 0x00007ffec429e000 	C:\WINDOWS\System32\shlwapi.dll
0x00007ffec2ba0000 - 0x00007ffec2bcb000 	C:\WINDOWS\SYSTEM32\profapi.dll
0x00007ffeaa140000 - 0x00007ffeaa158000 	D:\java\JDK\jdk-17\bin\zip.dll
0x00007ffeaa3a0000 - 0x00007ffeaa3b9000 	D:\java\JDK\jdk-17\bin\net.dll
0x00007ffebe730000 - 0x00007ffebe866000 	C:\WINDOWS\SYSTEM32\WINHTTP.dll
0x00007ffec2220000 - 0x00007ffec2289000 	C:\WINDOWS\system32\mswsock.dll
0x00007ffeaa160000 - 0x00007ffeaa176000 	D:\java\JDK\jdk-17\bin\nio.dll
0x00007ffea5340000 - 0x00007ffea535a000 	D:\java\ideaIU-2022.1.1.win\bin\breakgen64.dll
0x00007ffeb26b0000 - 0x00007ffeb26c0000 	D:\java\JDK\jdk-17\bin\verify.dll
0x00007ffeaa240000 - 0x00007ffeaa24a000 	D:\java\JDK\jdk-17\bin\management.dll
0x00007ffeaa130000 - 0x00007ffeaa13b000 	D:\java\JDK\jdk-17\bin\management_ext.dll
0x00007ffe9c510000 - 0x00007ffe9c527000 	C:\WINDOWS\system32\napinsp.dll
0x00007ffe9c4f0000 - 0x00007ffe9c50b000 	C:\WINDOWS\system32\pnrpnsp.dll
0x00007ffec1710000 - 0x00007ffec1812000 	C:\WINDOWS\SYSTEM32\DNSAPI.dll
0x00007ffec16e0000 - 0x00007ffec170d000 	C:\WINDOWS\SYSTEM32\IPHLPAPI.DLL
0x00007ffec3ef0000 - 0x00007ffec3ef9000 	C:\WINDOWS\System32\NSI.dll
0x00007ffe9c3e0000 - 0x00007ffe9c3f1000 	C:\WINDOWS\System32\winrnr.dll
0x00007ffebaba0000 - 0x00007ffebabb5000 	C:\WINDOWS\system32\wshbth.dll
0x00007ffe9c3b0000 - 0x00007ffe9c3d7000 	C:\WINDOWS\system32\nlansp_c.dll
0x00007ffeb89c0000 - 0x00007ffeb89ca000 	C:\Windows\System32\rasadhlp.dll
0x00007ffebb120000 - 0x00007ffebb1a3000 	C:\WINDOWS\System32\fwpuclnt.dll

dbghelp: loaded successfully - version: 4.0.5 - missing functions: none
symbol engine: initialized successfully - sym options: 0x614 - pdb path: .;D:\java\JDK\jdk-17\bin;C:\WINDOWS\SYSTEM32;C:\WINDOWS\WinSxS\amd64_microsoft.windows.common-controls_6595b64144ccf1df_6.0.22621.4541_none_2710d1c57384c085;D:\java\JDK\jdk-17\bin\server;D:\java\ideaIU-2022.1.1.win\bin

VM Arguments:
jvm_args: -ea -Didea.test.cyclic.buffer.size=1048576 -javaagent:D:\java\ideaIU-2022.1.1.win\lib\idea_rt.jar=4953:D:\java\ideaIU-2022.1.1.win\bin -Dfile.encoding=UTF-8 
java_command: com.intellij.rt.junit.JUnitStarter -ideVersion5 -junit5 com.yw.backend.InfoServiceTest,testGetInfo
java_class_path (initial): C:\Users\LZH\.m2\repository\org\junit\platform\junit-platform-launcher\1.8.2\junit-platform-launcher-1.8.2.jar;D:\java\ideaIU-2022.1.1.win\lib\idea_rt.jar;D:\java\ideaIU-2022.1.1.win\plugins\junit\lib\junit5-rt.jar;D:\java\ideaIU-2022.1.1.win\plugins\junit\lib\junit-rt.jar;C:\Users\LZH\Desktop\ece651_git\ECE651\backend\target\test-classes;C:\Users\LZH\Desktop\ece651_git\ECE651\backend\target\classes;C:\Users\LZH\.m2\repository\org\springframework\boot\spring-boot-starter-jdbc\3.2.3\spring-boot-starter-jdbc-3.2.3.jar;C:\Users\LZH\.m2\repository\org\springframework\boot\spring-boot-starter\2.6.13\spring-boot-starter-2.6.13.jar;C:\Users\LZH\.m2\repository\org\springframework\boot\spring-boot\2.6.13\spring-boot-2.6.13.jar;C:\Users\LZH\.m2\repository\org\springframework\boot\spring-boot-starter-logging\2.6.13\spring-boot-starter-logging-2.6.13.jar;C:\Users\LZH\.m2\repository\ch\qos\logback\logback-classic\1.2.11\logback-classic-1.2.11.jar;C:\Users\LZH\.m2\repository\ch\qos\logback\logback-core\1.2.11\logback-core-1.2.11.jar;C:\Users\LZH\.m2\repository\org\apache\logging\log4j\log4j-to-slf4j\2.17.2\log4j-to-slf4j-2.17.2.jar;C:\Users\LZH\.m2\repository\org\apache\logging\log4j\log4j-api\2.17.2\log4j-api-2.17.2.jar;C:\Users\LZH\.m2\repository\org\slf4j\jul-to-slf4j\1.7.36\jul-to-slf4j-1.7.36.jar;C:\Users\LZH\.m2\repository\jakarta\annotation\jakarta.annotation-api\1.3.5\jakarta.annotation-api-1.3.5.jar;C:\Users\LZH\.m2\repository\org\yaml\snakeyaml\1.29\snakeyaml-1.29.jar;C:\Users\LZH\.m2\repository\com\zaxxer\HikariCP\4.0.3\HikariCP-4.0.3.jar;C:\Users\LZH\.m2\repository\org\slf4j\slf4j-api\1.7.36\slf4j-api-1.7.36.jar;C:\Users\LZH\.m2\repository\org\springframework\spring-jdbc\5.3.23\spring-jdbc-5.3.23.jar;C:\Users\LZH\.m2\repository\org\springframework\spring-beans\5.3.23\spring-beans-5.3.23.jar;C:\Users\LZH\.m2\repository\org\springframework\spring-tx\5.3.23\spring-tx-5.3.23.jar;C:\Users\LZH\.m2\repository\org\projectlombok\lombok\1.18.30\lomb
Launcher Type: SUN_STANDARD

[Global flags]
     intx CICompilerCount                          = 4                                         {product} {ergonomic}
     uint ConcGCThreads                            = 2                                         {product} {ergonomic}
     uint G1ConcRefinementThreads                  = 8                                         {product} {ergonomic}
   size_t G1HeapRegionSize                         = 2097152                                   {product} {ergonomic}
    uintx GCDrainStackTargetSize                   = 64                                        {product} {ergonomic}
   size_t InitialHeapSize                          = 266338304                                 {product} {ergonomic}
   size_t MarkStackSize                            = 4194304                                   {product} {ergonomic}
   size_t MaxHeapSize                              = 4238344192                                {product} {ergonomic}
   size_t MaxNewSize                               = 2541748224                                {product} {ergonomic}
   size_t MinHeapDeltaBytes                        = 2097152                                   {product} {ergonomic}
   size_t MinHeapSize                              = 8388608                                   {product} {ergonomic}
    uintx NonNMethodCodeHeapSize                   = 5839372                                {pd product} {ergonomic}
    uintx NonProfiledCodeHeapSize                  = 122909434                              {pd product} {ergonomic}
    uintx ProfiledCodeHeapSize                     = 122909434                              {pd product} {ergonomic}
    uintx ReservedCodeCacheSize                    = 251658240                              {pd product} {ergonomic}
     bool SegmentedCodeCache                       = true                                      {product} {ergonomic}
   size_t SoftMaxHeapSize                          = 4238344192                             {manageable} {ergonomic}
     bool UseCompressedClassPointers               = true                           {product lp64_product} {ergonomic}
     bool UseCompressedOops                        = true                           {product lp64_product} {ergonomic}
     bool UseG1GC                                  = true                                      {product} {ergonomic}
     bool UseLargePagesIndividualAllocation        = false                                  {pd product} {ergonomic}

Logging:
Log output configuration:
 #0: stdout all=warning uptime,level,tags
 #1: stderr all=off uptime,level,tags

Environment Variables:
JAVA_HOME=D:\java\JDK\jdk1.8.0_91
CLASSPATH=.;D:\development\Java\jdk8\lib
PATH=D:\Oracle\23ai\dbhomeFree\bin;C:\Program Files\Common Files\Oracle\Java\javapath;C:\ProgramData\Oracle\Java\javapath;D:\VMware\VMware Workstation\bin\;D:\development\Java\jdk8\bin;D:\development\Android\sdk\platform-tools;D:\py\Anaconda3\envs\py37;D:\py\Anaconda3\envs\py37\Scripts;D:\py\Anaconda3\envs\py37\Library\bin;D:\py\Anaconda3;D:\py\Anaconda3\Library\mingw-w64\bin;D:\py\Anaconda3\Library\usr\bin;D:\py\Anaconda3\Library\bin;D:\py\Anaconda3\Scripts;C:\Windows\system32;C:\Windows;C:\Windows\System32\Wbem;C:\Windows\System32\WindowsPowerShell\v1.0\;C:\Windows\System32\OpenSSH\;D:\matlab2020a\R2020a\runtime\win64;D:\matlab2020a\R2020a\bin;D:\matlab2020a\R2020a\polyspace\bin;D:\Git\cmd;D:\Git\mingw64\libexec\git-core;D:\Git\bin;D:\web\dll;C:\Users\LZH\AppData\Local\Microsoft\WindowsApps;D:\Microsoft VS Code\bin;D:\py\PyCharm Community Edition 2021.3.2\bin;D:\java\JDK\jdk1.8.0_91\bin;D:\java\maven\apache-maven-3.3.9\bin;C:\msys64\ucrt64\bin;D:\CodeBlocks\MinGW\bin;D:\Environment\hadoop-3.1.0\bin;C:\WINDOWS\system32;C:\WINDOWS;C:\WINDOWS\System32\Wbem;C:\WINDOWS\System32\WindowsPowerShell\v1.0\;C:\WINDOWS\System32\OpenSSH\;"E:\runtime\python3.9.13_BERT;E:\runtime\python3.9.13_BERT\Lib;E:\runtime\python3.9.13_BERT\Lib\site-packages;E:\runtime\python3.9.13_BERT\Scripts;";D:\Environment\poppler-24.04.0;D:\waterloo\PuTTY\;C:\Program Files\CMake\bin;C:\Program Files\Microsoft SQL Server\150\Tools\Binn\;C:\Program Files\Microsoft SQL Server\Client SDK\ODBC\170\Tools\Binn\;C:\Program Files\dotnet\;D:\parttime_devtools\nvm;D:\parttime_devtools\nodejs;D:\VisualStudio2022\Microsoft Visual Studio\2022\Community\Msbuild\Current\Bin;D:\Environment\nodejs;C:\Users\LZH\AppData\Local\Microsoft\WindowsApps;D:\Microsoft VS Code\bin;D:\py\PyCharm Community Edition 2021.3.2\bin;C:\Users\LZH\AppData\Roaming\npm;C:\Users\LZH\AppData\Roaming\Programs\Zero Install;C:\Users\LZH\.dotnet\tools;D:\parttime_devtools\nvm;D:\parttime_devtools\nodejs
USERNAME=LZH
OS=Windows_NT
PROCESSOR_IDENTIFIER=Intel64 Family 6 Model 140 Stepping 2, GenuineIntel



---------------  S Y S T E M  ---------------

OS:
 Windows 11 , 64 bit Build 22621 (10.0.22621.4391)
OS uptime: 5 days 23:21 hours
Hyper-V role detected

CPU: total 8 (initial active 8) (4 cores per cpu, 2 threads per core) family 6 model 140 stepping 2 microcode 0x16, cx8, cmov, fxsr, ht, mmx, 3dnowpref, sse, sse2, sse3, ssse3, sse4.1, sse4.2, popcnt, lzcnt, tsc, tscinvbit, avx, avx2, aes, erms, clmul, bmi1, bmi2, adx, avx512f, avx512dq, avx512cd, avx512bw, avx512vl, sha, fma, vzeroupper, avx512_vpopcntdq, avx512_vpclmulqdq, avx512_vaes, avx512_vnni, clflush, clflushopt, clwb, avx512_vbmi2, avx512_vbmi, hv

Memory: 4k page, system-wide physical 16167M (1307M free)
TotalPageFile size 41780M (AvailPageFile size 12M)
current process WorkingSet (physical memory assigned to process): 113M, peak: 113M
current process commit charge ("private bytes"): 380M, peak: 380M

vm_info: Java HotSpot(TM) 64-Bit Server VM (17.0.10+11-LTS-240) for windows-amd64 JRE (17.0.10+11-LTS-240), built on Dec 19 2023 21:47:25 by "mach5one" with MS VC++ 17.1 (VS2022)

END.
